-------------------------------------------------------------------------------
Test set: AllureTest
-------------------------------------------------------------------------------
Tests run: 1, Failures: 1, Errors: 0, Skipped: 0, Time elapsed: 36.104 s <<< FAILURE! - in AllureTest
testMortgage(AllureTest)  Time elapsed: 35.315 s  <<< FAILURE!
org.junit.ComparisonFailure: Процентная ставка не совпадает expected:<[11]> but was:<[8,9]>
	at AllureTest.testMortgage(AllureTest.java:35)

